#
# There is insufficient memory for the Java Runtime Environment to continue.
# Native memory allocation (malloc) failed to allocate 131088 bytes for Chunk::new
# Possible reasons:
#   The system is out of physical RAM or swap space
#   The process is running with CompressedOops enabled, and the Java Heap may be blocking the growth of the native heap
# Possible solutions:
#   Reduce memory load on the system
#   Increase physical memory or swap space
#   Check if swap backing store is full
#   Decrease Java heap size (-Xmx/-Xms)
#   Decrease number of Java threads
#   Decrease Java thread stack sizes (-Xss)
#   Set larger code cache with -XX:ReservedCodeCacheSize=
#   JVM is running with Unscaled Compressed Oops mode in which the Java heap is
#     placed in the first 4GB address space. The Java Heap base address is the
#     maximum limit for the native heap growth. Please use -XX:HeapBaseMinAddress
#     to set the Java Heap base and to place the Java Heap above 4GB virtual address.
# This output file may be truncated or incomplete.
#
#  Out of Memory Error (./open/src/hotspot/share/memory/arena.cpp:197), pid=9456, tid=15884
#
# JRE version: Java(TM) SE Runtime Environment 18.9 (11.0.24+7) (build 11.0.24+7-LTS-271)
# Java VM: Java HotSpot(TM) 64-Bit Server VM 18.9 (11.0.24+7-LTS-271, mixed mode, tiered, compressed oops, g1 gc, windows-amd64)
# No core dump will be written. Minidumps are not enabled by default on client versions of Windows
#

---------------  S U M M A R Y ------------

Command Line: -Dfile.encoding=UTF-8 com.application.credmerg.CredmergApplication

Host: AMD Ryzen 3 3200U with Radeon Vega Mobile Gfx  , 4 cores, 3G,  Windows 10 , 64 bit Build 19041 (10.0.19041.1741)
Time: Wed Jul 24 14:54:35 2024 India Standard Time elapsed time: 5.220009 seconds (0d 0h 0m 5s)

---------------  T H R E A D  ---------------

Current thread (0x000001a703aa7000):  JavaThread "C2 CompilerThread0" daemon [_thread_in_native, id=15884, stack(0x0000002166f00000,0x0000002167000000)]


Current CompileTask:
C2:   5220 2775       4       org.springframework.beans.factory.support.AbstractBeanFactory::isTypeMatch (607 bytes)

Stack: [0x0000002166f00000,0x0000002167000000]
Native frames: (J=compiled Java code, j=interpreted, Vv=VM code, C=native code)
V  [jvm.dll+0x657ffa]
V  [jvm.dll+0x799f7f]
V  [jvm.dll+0x79b649]
V  [jvm.dll+0x79bcf3]
V  [jvm.dll+0x255535]
V  [jvm.dll+0xb310c]
V  [jvm.dll+0xb371c]
V  [jvm.dll+0xb3224]
V  [jvm.dll+0x637eaf]
V  [jvm.dll+0x5725f2]
V  [jvm.dll+0x5770b5]
V  [jvm.dll+0x56142b]
V  [jvm.dll+0x5612a9]
V  [jvm.dll+0x561317]
V  [jvm.dll+0x561317]
V  [jvm.dll+0x561317]
V  [jvm.dll+0x561317]
V  [jvm.dll+0x561317]
V  [jvm.dll+0x561317]
V  [jvm.dll+0x561317]
V  [jvm.dll+0x561317]
V  [jvm.dll+0x561317]
V  [jvm.dll+0x561317]
V  [jvm.dll+0x561317]
V  [jvm.dll+0x561317]
V  [jvm.dll+0x561317]
V  [jvm.dll+0x561317]
V  [jvm.dll+0x561317]
V  [jvm.dll+0x561317]
V  [jvm.dll+0x561317]
V  [jvm.dll+0x561317]
V  [jvm.dll+0x561317]
V  [jvm.dll+0x561317]
V  [jvm.dll+0x561317]
V  [jvm.dll+0x56883f]
V  [jvm.dll+0x217c41]
V  [jvm.dll+0x211483]
V  [jvm.dll+0x20ddf4]
V  [jvm.dll+0x18b361]
V  [jvm.dll+0x21e594]
V  [jvm.dll+0x21c8bc]
V  [jvm.dll+0x75de51]
V  [jvm.dll+0x756774]
V  [jvm.dll+0x656ea5]
C  [ucrtbase.dll+0x21bb2]
C  [KERNEL32.DLL+0x17034]
C  [ntdll.dll+0x52651]


---------------  P R O C E S S  ---------------

Threads class SMR info:
_java_thread_list=0x000001a704e117a0, length=10, elements={
0x000001a768626000, 0x000001a703a3b800, 0x000001a703a44800, 0x000001a703a92800,
0x000001a703a95800, 0x000001a703a98000, 0x000001a703aa7000, 0x000001a703aac000,
0x000001a703aad000, 0x000001a703d0b000
}

Java Threads: ( => current thread )
  0x000001a768626000 JavaThread "main" [_thread_in_vm, id=18664, stack(0x0000002166300000,0x0000002166400000)]
  0x000001a703a3b800 JavaThread "Reference Handler" daemon [_thread_blocked, id=29904, stack(0x0000002166a00000,0x0000002166b00000)]
  0x000001a703a44800 JavaThread "Finalizer" daemon [_thread_blocked, id=31336, stack(0x0000002166b00000,0x0000002166c00000)]
  0x000001a703a92800 JavaThread "Signal Dispatcher" daemon [_thread_blocked, id=4652, stack(0x0000002166c00000,0x0000002166d00000)]
  0x000001a703a95800 JavaThread "Attach Listener" daemon [_thread_blocked, id=24448, stack(0x0000002166d00000,0x0000002166e00000)]
  0x000001a703a98000 JavaThread "Service Thread" daemon [_thread_blocked, id=21960, stack(0x0000002166e00000,0x0000002166f00000)]
=>0x000001a703aa7000 JavaThread "C2 CompilerThread0" daemon [_thread_in_native, id=15884, stack(0x0000002166f00000,0x0000002167000000)]
  0x000001a703aac000 JavaThread "C1 CompilerThread0" daemon [_thread_blocked, id=21272, stack(0x0000002167000000,0x0000002167100000)]
  0x000001a703aad000 JavaThread "Sweeper thread" daemon [_thread_blocked, id=30384, stack(0x0000002167100000,0x0000002167200000)]
  0x000001a703d0b000 JavaThread "Common-Cleaner" daemon [_thread_blocked, id=29020, stack(0x0000002167300000,0x0000002167400000)]

Other Threads:
  0x000001a703a36000 VMThread "VM Thread" [stack: 0x0000002166900000,0x0000002166a00000] [id=24080]
  0x000001a703d0e800 WatcherThread [stack: 0x0000002167200000,0x0000002167300000] [id=5500]
  0x000001a76863b000 GCTaskThread "GC Thread#0" [stack: 0x0000002166400000,0x0000002166500000] [id=30808]
  0x000001a7046a1800 GCTaskThread "GC Thread#1" [stack: 0x0000002167400000,0x0000002167500000] [id=30792]
  0x000001a704ec8800 GCTaskThread "GC Thread#2" [stack: 0x0000002167600000,0x0000002167700000] [id=29500]
  0x000001a704c1e000 GCTaskThread "GC Thread#3" [stack: 0x0000002167700000,0x0000002167800000] [id=30200]
  0x000001a768655800 ConcurrentGCThread "G1 Main Marker" [stack: 0x0000002166500000,0x0000002166600000] [id=17040]
  0x000001a768658000 ConcurrentGCThread "G1 Conc#0" [stack: 0x0000002166600000,0x0000002166700000] [id=31012]
  0x000001a7686a1000 ConcurrentGCThread "G1 Refine#0" [stack: 0x0000002166700000,0x0000002166800000] [id=26404]
  0x000001a7686a4000 ConcurrentGCThread "G1 Young RemSet Sampling" [stack: 0x0000002166800000,0x0000002166900000] [id=10152]

Threads with active compile tasks:
C2 CompilerThread0     5291 2775       4       org.springframework.beans.factory.support.AbstractBeanFactory::isTypeMatch (607 bytes)

VM state:not at safepoint (normal execution)

VM Mutex/Monitor currently owned by a thread: None

Heap address: 0x00000000c9400000, size: 876 MB, Compressed Oops mode: 32-bit
Narrow klass base: 0x0000000000000000, Narrow klass shift: 3
Compressed class space size: 1073741824 Address: 0x0000000100000000

Heap:
 garbage-first heap   total 57344K, used 27626K [0x00000000c9400000, 0x0000000100000000)
  region size 1024K, 21 young (21504K), 3 survivors (3072K)
 Metaspace       used 28816K, capacity 29601K, committed 29696K, reserved 1075200K
  class space    used 3296K, capacity 3568K, committed 3584K, reserved 1048576K
Heap Regions: E=young(eden), S=young(survivor), O=old, HS=humongous(starts), HC=humongous(continues), CS=collection set, F=free, A=archive, TAMS=top-at-mark-start (previous, next)
|   0|0x00000000c9400000, 0x00000000c9500000, 0x00000000c9500000|100%|HS|  |TAMS 0x00000000c9500000, 0x00000000c9400000| Complete 
|   1|0x00000000c9500000, 0x00000000c9600000, 0x00000000c9600000|100%| O|  |TAMS 0x00000000c9600000, 0x00000000c9500000| Untracked 
|   2|0x00000000c9600000, 0x00000000c9700000, 0x00000000c9700000|100%| O|  |TAMS 0x00000000c9700000, 0x00000000c9600000| Untracked 
|   3|0x00000000c9700000, 0x00000000c9800000, 0x00000000c9800000|100%| O|  |TAMS 0x00000000c9800000, 0x00000000c9700000| Untracked 
|   4|0x00000000c9800000, 0x00000000c9900000, 0x00000000c9900000|100%| O|  |TAMS 0x00000000c9900000, 0x00000000c9800000| Untracked 
|   5|0x00000000c9900000, 0x00000000c9a00000, 0x00000000c9a00000|100%| O|  |TAMS 0x00000000c9a00000, 0x00000000c9900000| Untracked 
|   6|0x00000000c9a00000, 0x00000000c9b00000, 0x00000000c9b00000|100%| O|  |TAMS 0x00000000c9a38e00, 0x00000000c9a00000| Untracked 
|   7|0x00000000c9b00000, 0x00000000c9b34a00, 0x00000000c9c00000| 20%| O|  |TAMS 0x00000000c9b00000, 0x00000000c9b00000| Untracked 
|   8|0x00000000c9c00000, 0x00000000c9c00000, 0x00000000c9d00000|  0%| F|  |TAMS 0x00000000c9c00000, 0x00000000c9c00000| Untracked 
|   9|0x00000000c9d00000, 0x00000000c9d00000, 0x00000000c9e00000|  0%| F|  |TAMS 0x00000000c9d00000, 0x00000000c9d00000| Untracked 
|  10|0x00000000c9e00000, 0x00000000c9e00000, 0x00000000c9f00000|  0%| F|  |TAMS 0x00000000c9e00000, 0x00000000c9e00000| Untracked 
|  11|0x00000000c9f00000, 0x00000000c9f00000, 0x00000000ca000000|  0%| F|  |TAMS 0x00000000c9f00000, 0x00000000c9f00000| Untracked 
|  12|0x00000000ca000000, 0x00000000ca000000, 0x00000000ca100000|  0%| F|  |TAMS 0x00000000ca000000, 0x00000000ca000000| Untracked 
|  13|0x00000000ca100000, 0x00000000ca100000, 0x00000000ca200000|  0%| F|  |TAMS 0x00000000ca100000, 0x00000000ca100000| Untracked 
|  14|0x00000000ca200000, 0x00000000ca200000, 0x00000000ca300000|  0%| F|  |TAMS 0x00000000ca200000, 0x00000000ca200000| Untracked 
|  15|0x00000000ca300000, 0x00000000ca300000, 0x00000000ca400000|  0%| F|  |TAMS 0x00000000ca300000, 0x00000000ca300000| Untracked 
|  16|0x00000000ca400000, 0x00000000ca400000, 0x00000000ca500000|  0%| F|  |TAMS 0x00000000ca400000, 0x00000000ca400000| Untracked 
|  17|0x00000000ca500000, 0x00000000ca500000, 0x00000000ca600000|  0%| F|  |TAMS 0x00000000ca500000, 0x00000000ca500000| Untracked 
|  18|0x00000000ca600000, 0x00000000ca600000, 0x00000000ca700000|  0%| F|  |TAMS 0x00000000ca600000, 0x00000000ca600000| Untracked 
|  19|0x00000000ca700000, 0x00000000ca700000, 0x00000000ca800000|  0%| F|  |TAMS 0x00000000ca700000, 0x00000000ca700000| Untracked 
|  20|0x00000000ca800000, 0x00000000ca800000, 0x00000000ca900000|  0%| F|  |TAMS 0x00000000ca800000, 0x00000000ca800000| Untracked 
|  21|0x00000000ca900000, 0x00000000ca900000, 0x00000000caa00000|  0%| F|  |TAMS 0x00000000ca900000, 0x00000000ca900000| Untracked 
|  22|0x00000000caa00000, 0x00000000caa00000, 0x00000000cab00000|  0%| F|  |TAMS 0x00000000caa00000, 0x00000000caa00000| Untracked 
|  23|0x00000000cab00000, 0x00000000cab00000, 0x00000000cac00000|  0%| F|  |TAMS 0x00000000cab00000, 0x00000000cab00000| Untracked 
|  24|0x00000000cac00000, 0x00000000cac00000, 0x00000000cad00000|  0%| F|  |TAMS 0x00000000cac00000, 0x00000000cac00000| Untracked 
|  25|0x00000000cad00000, 0x00000000cad00000, 0x00000000cae00000|  0%| F|  |TAMS 0x00000000cad00000, 0x00000000cad00000| Untracked 
|  26|0x00000000cae00000, 0x00000000cae00000, 0x00000000caf00000|  0%| F|  |TAMS 0x00000000cae00000, 0x00000000cae00000| Untracked 
|  27|0x00000000caf00000, 0x00000000caf00000, 0x00000000cb000000|  0%| F|  |TAMS 0x00000000caf00000, 0x00000000caf00000| Untracked 
|  28|0x00000000cb000000, 0x00000000cb0c5e08, 0x00000000cb100000| 77%| S|CS|TAMS 0x00000000cb000000, 0x00000000cb000000| Complete 
|  29|0x00000000cb100000, 0x00000000cb200000, 0x00000000cb200000|100%| S|CS|TAMS 0x00000000cb100000, 0x00000000cb100000| Complete 
|  30|0x00000000cb200000, 0x00000000cb200000, 0x00000000cb300000|  0%| F|  |TAMS 0x00000000cb200000, 0x00000000cb200000| Untracked 
|  31|0x00000000cb300000, 0x00000000cb300000, 0x00000000cb400000|  0%| F|  |TAMS 0x00000000cb300000, 0x00000000cb300000| Untracked 
|  32|0x00000000cb400000, 0x00000000cb400000, 0x00000000cb500000|  0%| F|  |TAMS 0x00000000cb400000, 0x00000000cb400000| Untracked 
|  33|0x00000000cb500000, 0x00000000cb600000, 0x00000000cb600000|100%| S|CS|TAMS 0x00000000cb500000, 0x00000000cb500000| Complete 
|  34|0x00000000cb600000, 0x00000000cb600000, 0x00000000cb700000|  0%| F|  |TAMS 0x00000000cb600000, 0x00000000cb600000| Untracked 
|  35|0x00000000cb700000, 0x00000000cb700000, 0x00000000cb800000|  0%| F|  |TAMS 0x00000000cb700000, 0x00000000cb700000| Untracked 
|  36|0x00000000cb800000, 0x00000000cb800000, 0x00000000cb900000|  0%| F|  |TAMS 0x00000000cb800000, 0x00000000cb800000| Untracked 
|  37|0x00000000cb900000, 0x00000000cb900000, 0x00000000cba00000|  0%| F|  |TAMS 0x00000000cb900000, 0x00000000cb900000| Untracked 
|  38|0x00000000cba00000, 0x00000000cbb00000, 0x00000000cbb00000|100%| E|  |TAMS 0x00000000cba00000, 0x00000000cba00000| Complete 
|  39|0x00000000cbb00000, 0x00000000cbc00000, 0x00000000cbc00000|100%| E|CS|TAMS 0x00000000cbb00000, 0x00000000cbb00000| Complete 
|  40|0x00000000cbc00000, 0x00000000cbd00000, 0x00000000cbd00000|100%| E|CS|TAMS 0x00000000cbc00000, 0x00000000cbc00000| Complete 
|  41|0x00000000cbd00000, 0x00000000cbe00000, 0x00000000cbe00000|100%| E|CS|TAMS 0x00000000cbd00000, 0x00000000cbd00000| Complete 
|  42|0x00000000cbe00000, 0x00000000cbf00000, 0x00000000cbf00000|100%| E|CS|TAMS 0x00000000cbe00000, 0x00000000cbe00000| Complete 
|  43|0x00000000cbf00000, 0x00000000cc000000, 0x00000000cc000000|100%| E|CS|TAMS 0x00000000cbf00000, 0x00000000cbf00000| Complete 
|  44|0x00000000cc000000, 0x00000000cc100000, 0x00000000cc100000|100%| E|CS|TAMS 0x00000000cc000000, 0x00000000cc000000| Complete 
|  45|0x00000000cc100000, 0x00000000cc200000, 0x00000000cc200000|100%| E|CS|TAMS 0x00000000cc100000, 0x00000000cc100000| Complete 
|  46|0x00000000cc200000, 0x00000000cc300000, 0x00000000cc300000|100%| E|CS|TAMS 0x00000000cc200000, 0x00000000cc200000| Complete 
|  47|0x00000000cc300000, 0x00000000cc400000, 0x00000000cc400000|100%| E|CS|TAMS 0x00000000cc300000, 0x00000000cc300000| Complete 
|  48|0x00000000cc400000, 0x00000000cc500000, 0x00000000cc500000|100%| E|CS|TAMS 0x00000000cc400000, 0x00000000cc400000| Complete 
|  49|0x00000000cc500000, 0x00000000cc600000, 0x00000000cc600000|100%| E|CS|TAMS 0x00000000cc500000, 0x00000000cc500000| Complete 
|  50|0x00000000cc600000, 0x00000000cc700000, 0x00000000cc700000|100%| E|CS|TAMS 0x00000000cc600000, 0x00000000cc600000| Complete 
|  51|0x00000000cc700000, 0x00000000cc800000, 0x00000000cc800000|100%| E|CS|TAMS 0x00000000cc700000, 0x00000000cc700000| Complete 
|  52|0x00000000cc800000, 0x00000000cc900000, 0x00000000cc900000|100%| E|CS|TAMS 0x00000000cc800000, 0x00000000cc800000| Complete 
|  53|0x00000000cc900000, 0x00000000cca00000, 0x00000000cca00000|100%| E|CS|TAMS 0x00000000cc900000, 0x00000000cc900000| Complete 
|  54|0x00000000cca00000, 0x00000000ccb00000, 0x00000000ccb00000|100%| E|CS|TAMS 0x00000000cca00000, 0x00000000cca00000| Complete 
|  55|0x00000000ccb00000, 0x00000000ccc00000, 0x00000000ccc00000|100%| E|CS|TAMS 0x00000000ccb00000, 0x00000000ccb00000| Complete 

Card table byte_map: [0x000001a77ed20000,0x000001a77eee0000] _byte_map_base: 0x000001a77e6d6000

Marking Bits (Prev, Next): (CMBitMap*) 0x000001a768651770, (CMBitMap*) 0x000001a768651738
 Prev Bits: [0x000001a700000000, 0x000001a700db0000)
 Next Bits: [0x000001a77f0a0000, 0x000001a77fe50000)

Polling page: 0x000001a7667a0000

Metaspace:

Usage:
  Non-class:     25.42 MB capacity,    24.92 MB ( 98%) used,   426.98 KB (  2%) free+waste,    83.56 KB ( <1%) overhead. 
      Class:      3.48 MB capacity,     3.22 MB ( 92%) used,   229.02 KB (  6%) free+waste,    41.44 KB (  1%) overhead. 
       Both:     28.91 MB capacity,    28.14 MB ( 97%) used,   656.01 KB (  2%) free+waste,   125.00 KB ( <1%) overhead. 

Virtual space:
  Non-class space:       26.00 MB reserved,      25.50 MB ( 98%) committed 
      Class space:        1.00 GB reserved,       3.50 MB ( <1%) committed 
             Both:        1.03 GB reserved,      29.00 MB (  3%) committed 

Chunk freelists:
   Non-Class:  1.88 KB
       Class:  2.00 KB
        Both:  3.88 KB

CodeHeap 'non-profiled nmethods': size=120064Kb used=1074Kb max_used=1074Kb free=118989Kb
 bounds [0x000001a7777e0000, 0x000001a777a50000, 0x000001a77ed20000]
CodeHeap 'profiled nmethods': size=120000Kb used=6362Kb max_used=6362Kb free=113637Kb
 bounds [0x000001a7702b0000, 0x000001a7708f0000, 0x000001a7777e0000]
CodeHeap 'non-nmethods': size=5696Kb used=1112Kb max_used=1161Kb free=4583Kb
 bounds [0x000001a76fd20000, 0x000001a76ff90000, 0x000001a7702b0000]
 total_blobs=3296 nmethods=2866 adapters=341
 compilation: enabled
              stopped_count=0, restarted_count=0
 full_count=0

Compilation events (10 events):
Event: 5.204 Thread 0x000001a703aac000 2859       3       org.springframework.beans.factory.config.BeanDefinitionVisitor::resolveStringValue (42 bytes)
Event: 5.205 Thread 0x000001a703aac000 nmethod 2859 0x000001a7708dc110 code [0x000001a7708dc2e0, 0x000001a7708dc648]
Event: 5.205 Thread 0x000001a703aac000 2860       3       org.springframework.core.env.AbstractPropertyResolver::resolveRequiredPlaceholders (26 bytes)
Event: 5.206 Thread 0x000001a703aac000 nmethod 2860 0x000001a7708dc790 code [0x000001a7708dc9c0, 0x000001a7708dd2c8]
Event: 5.206 Thread 0x000001a703aac000 2861       1       org.springframework.beans.PropertyValue::getValue (5 bytes)
Event: 5.207 Thread 0x000001a703aac000 nmethod 2861 0x000001a7778ebb90 code [0x000001a7778ebd20, 0x000001a7778ebdd8]
Event: 5.207 Thread 0x000001a703aac000 2862       3       org.springframework.context.support.PropertySourcesPlaceholderConfigurer$$Lambda$434/0x0000000100356c40::resolveStringValue (13 bytes)
Event: 5.207 Thread 0x000001a703aac000 nmethod 2862 0x000001a7708dd690 code [0x000001a7708dd840, 0x000001a7708dd988]
Event: 5.207 Thread 0x000001a703aac000 2863       3       org.springframework.context.support.PropertySourcesPlaceholderConfigurer::lambda$processProperties$0 (54 bytes)
Event: 5.208 Thread 0x000001a703aac000 nmethod 2863 0x000001a7708dda90 code [0x000001a7708ddca0, 0x000001a7708de2a8]

GC Heap History (10 events):
Event: 1.754 GC heap before
{Heap before GC invocations=1 (full 0):
 garbage-first heap   total 57344K, used 15054K [0x00000000c9400000, 0x0000000100000000)
  region size 1024K, 11 young (11264K), 2 survivors (2048K)
 Metaspace       used 13236K, capacity 13490K, committed 13696K, reserved 1060864K
  class space    used 1314K, capacity 1402K, committed 1408K, reserved 1048576K
}
Event: 1.759 GC heap after
{Heap after GC invocations=2 (full 0):
 garbage-first heap   total 57344K, used 6423K [0x00000000c9400000, 0x0000000100000000)
  region size 1024K, 1 young (1024K), 1 survivors (1024K)
 Metaspace       used 13236K, capacity 13490K, committed 13696K, reserved 1060864K
  class space    used 1314K, capacity 1402K, committed 1408K, reserved 1048576K
}
Event: 2.367 GC heap before
{Heap before GC invocations=2 (full 0):
 garbage-first heap   total 57344K, used 27927K [0x00000000c9400000, 0x0000000100000000)
  region size 1024K, 22 young (22528K), 1 survivors (1024K)
 Metaspace       used 18639K, capacity 19022K, committed 19200K, reserved 1067008K
  class space    used 2005K, capacity 2178K, committed 2304K, reserved 1048576K
}
Event: 2.373 GC heap after
{Heap after GC invocations=3 (full 0):
 garbage-first heap   total 57344K, used 7594K [0x00000000c9400000, 0x0000000100000000)
  region size 1024K, 2 young (2048K), 2 survivors (2048K)
 Metaspace       used 18639K, capacity 19022K, committed 19200K, reserved 1067008K
  class space    used 2005K, capacity 2178K, committed 2304K, reserved 1048576K
}
Event: 2.528 GC heap before
{Heap before GC invocations=3 (full 0):
 garbage-first heap   total 57344K, used 15786K [0x00000000c9400000, 0x0000000100000000)
  region size 1024K, 12 young (12288K), 2 survivors (2048K)
 Metaspace       used 20810K, capacity 21227K, committed 21296K, reserved 1069056K
  class space    used 2263K, capacity 2423K, committed 2432K, reserved 1048576K
}
Event: 2.533 GC heap after
{Heap after GC invocations=4 (full 0):
 garbage-first heap   total 57344K, used 7926K [0x00000000c9400000, 0x0000000100000000)
  region size 1024K, 2 young (2048K), 2 survivors (2048K)
 Metaspace       used 20810K, capacity 21227K, committed 21296K, reserved 1069056K
  class space    used 2263K, capacity 2423K, committed 2432K, reserved 1048576K
}
Event: 3.090 GC heap before
{Heap before GC invocations=5 (full 0):
 garbage-first heap   total 57344K, used 29430K [0x00000000c9400000, 0x0000000100000000)
  region size 1024K, 23 young (23552K), 2 survivors (2048K)
 Metaspace       used 24088K, capacity 24613K, committed 24704K, reserved 1071104K
  class space    used 2687K, capacity 2892K, committed 2944K, reserved 1048576K
}
Event: 3.095 GC heap after
{Heap after GC invocations=6 (full 0):
 garbage-first heap   total 57344K, used 9275K [0x00000000c9400000, 0x0000000100000000)
  region size 1024K, 3 young (3072K), 3 survivors (3072K)
 Metaspace       used 24088K, capacity 24613K, committed 24704K, reserved 1071104K
  class space    used 2687K, capacity 2892K, committed 2944K, reserved 1048576K
}
Event: 4.025 GC heap before
{Heap before GC invocations=6 (full 0):
 garbage-first heap   total 57344K, used 31803K [0x00000000c9400000, 0x0000000100000000)
  region size 1024K, 25 young (25600K), 3 survivors (3072K)
 Metaspace       used 26322K, capacity 26992K, committed 27136K, reserved 1073152K
  class space    used 2957K, capacity 3232K, committed 3328K, reserved 1048576K
}
Event: 4.034 GC heap after
{Heap after GC invocations=7 (full 0):
 garbage-first heap   total 57344K, used 10218K [0x00000000c9400000, 0x0000000100000000)
  region size 1024K, 3 young (3072K), 3 survivors (3072K)
 Metaspace       used 26322K, capacity 26992K, committed 27136K, reserved 1073152K
  class space    used 2957K, capacity 3232K, committed 3328K, reserved 1048576K
}

Deoptimization events (10 events):
Event: 3.729 Thread 0x000001a768626000 Uncommon trap: reason=class_check action=maybe_recompile pc=0x000001a7778035e0 method=java.lang.String.equals(Ljava/lang/Object;)Z @ 8 c2
Event: 3.730 Thread 0x000001a768626000 Uncommon trap: reason=class_check action=maybe_recompile pc=0x000001a7778035e0 method=java.lang.String.equals(Ljava/lang/Object;)Z @ 8 c2
Event: 3.730 Thread 0x000001a768626000 Uncommon trap: reason=class_check action=maybe_recompile pc=0x000001a7778035e0 method=java.lang.String.equals(Ljava/lang/Object;)Z @ 8 c2
Event: 3.731 Thread 0x000001a768626000 Uncommon trap: reason=class_check action=maybe_recompile pc=0x000001a7778035e0 method=java.lang.String.equals(Ljava/lang/Object;)Z @ 8 c2
Event: 3.908 Thread 0x000001a768626000 Uncommon trap: reason=unstable_if action=reinterpret pc=0x000001a77784edb0 method=java.util.Arrays.equals([Ljava/lang/Object;[Ljava/lang/Object;)Z @ 44 c2
Event: 4.161 Thread 0x000001a768626000 Uncommon trap: reason=unstable_if action=reinterpret pc=0x000001a7778c7994 method=org.springframework.beans.factory.support.AbstractBeanFactory.getMergedLocalBeanDefinition(Ljava/lang/String;)Lorg/springframework/beans/factory/support/RootBeanDefinition; 
Event: 4.162 Thread 0x000001a768626000 Uncommon trap: reason=unstable_if action=reinterpret pc=0x000001a7778cb224 method=org.springframework.beans.factory.support.DefaultSingletonBeanRegistry.getSingleton(Ljava/lang/String;Z)Ljava/lang/Object; @ 20 c2
Event: 4.211 Thread 0x000001a768626000 Uncommon trap: reason=class_check action=maybe_recompile pc=0x000001a7778babb8 method=org.springframework.util.ConcurrentReferenceHashMap$Segment.findInChain(Lorg/springframework/util/ConcurrentReferenceHashMap$Reference;Ljava/lang/Object;I)Lorg/springfra
Event: 4.247 Thread 0x000001a768626000 Uncommon trap: reason=class_check action=maybe_recompile pc=0x000001a7778babb8 method=org.springframework.util.ConcurrentReferenceHashMap$Segment.findInChain(Lorg/springframework/util/ConcurrentReferenceHashMap$Reference;Ljava/lang/Object;I)Lorg/springfra
Event: 4.255 Thread 0x000001a768626000 Uncommon trap: reason=class_check action=maybe_recompile pc=0x000001a7778babb8 method=org.springframework.util.ConcurrentReferenceHashMap$Segment.findInChain(Lorg/springframework/util/ConcurrentReferenceHashMap$Reference;Ljava/lang/Object;I)Lorg/springfra

Classes redefined (0 events):
No events

Internal exceptions (10 events):
Event: 2.723 Thread 0x000001a704bf2000 Exception <a 'java/lang/NoSuchMethodError'{0x00000000cc3250a8}: java.lang.invoke.DirectMethodHandle$Holder.invokeStatic(Ljava/lang/Object;Ljava/lang/Object;)J> (0x00000000cc3250a8) thrown at [./open/src/hotspot/share/interpreter/linkResolver.cpp, line 772
Event: 2.725 Thread 0x000001a704bf2000 Exception <a 'java/lang/NoSuchMethodError'{0x00000000cc328040}: java.lang.invoke.DirectMethodHandle$Holder.invokeStaticInit(Ljava/lang/Object;Ljava/lang/Object;)J> (0x00000000cc328040) thrown at [./open/src/hotspot/share/interpreter/linkResolver.cpp, line
Event: 2.728 Thread 0x000001a704bf2000 Exception <a 'java/lang/NoSuchMethodError'{0x00000000cc3347a0}: java.lang.invoke.DirectMethodHandle$Holder.invokeInterface(Ljava/lang/Object;Ljava/lang/Object;)J> (0x00000000cc3347a0) thrown at [./open/src/hotspot/share/interpreter/linkResolver.cpp, line 
Event: 2.729 Thread 0x000001a704bf2000 Exception <a 'java/lang/IncompatibleClassChangeError'{0x00000000cc337538}: Found class java.lang.Object, but interface was expected> (0x00000000cc337538) thrown at [./open/src/hotspot/share/interpreter/linkResolver.cpp, line 838]
Event: 2.765 Thread 0x000001a704bf2000 Exception <a 'java/lang/NoSuchMethodError'{0x00000000cc2160f0}: java.lang.invoke.DirectMethodHandle$Holder.invokeVirtual(Ljava/lang/Object;Ljava/lang/Object;Ljava/lang/Object;Ljava/lang/Object;)Ljava/lang/Object;> (0x00000000cc2160f0) thrown at [./open/sr
Event: 2.993 Thread 0x000001a768626000 Exception <a 'java/lang/IncompatibleClassChangeError'{0x00000000cb8c74b0}: Found class java.lang.Object, but interface was expected> (0x00000000cb8c74b0) thrown at [./open/src/hotspot/share/interpreter/linkResolver.cpp, line 838]
Event: 3.040 Thread 0x000001a768626000 Exception <a 'java/lang/NoSuchMethodError'{0x00000000cb653a50}: java.lang.invoke.DirectMethodHandle$Holder.invokeInterface(Ljava/lang/Object;Ljava/lang/Object;Ljava/lang/Object;Ljava/lang/Object;)V> (0x00000000cb653a50) thrown at [./open/src/hotspot/share
Event: 3.179 Thread 0x000001a768626000 Exception <a 'java/lang/NoSuchMethodError'{0x00000000cc821a90}: java.lang.invoke.DelegatingMethodHandle$Holder.delegate(Ljava/lang/Object;Ljava/lang/Object;ILjava/lang/Object;)V> (0x00000000cc821a90) thrown at [./open/src/hotspot/share/interpreter/linkRes
Event: 4.216 Thread 0x000001a768626000 Exception <a 'java/lang/NoSuchMethodError'{0x00000000cc7d0e60}: java.lang.invoke.DirectMethodHandle$Holder.invokeStatic(Ljava/lang/Object;Ljava/lang/Object;Ljava/lang/Object;Ljava/lang/Object;I)Ljava/lang/Object;> (0x00000000cc7d0e60) thrown at [./open/sr
Event: 4.275 Thread 0x000001a768626000 Exception <a 'java/lang/NoSuchMethodError'{0x00000000cc52f220}: java.lang.invoke.DirectMethodHandle$Holder.invokeSpecialIFC(Ljava/lang/Object;Ljava/lang/Object;Ljava/lang/Object;)Ljava/lang/Object;> (0x00000000cc52f220) thrown at [./open/src/hotspot/share

Events (10 events):
Event: 5.193 loading class org/springframework/beans/factory/config/BeanDefinitionVisitor
Event: 5.193 loading class org/springframework/beans/factory/config/BeanDefinitionVisitor done
Event: 5.197 loading class org/springframework/beans/factory/config/RuntimeBeanNameReference
Event: 5.197 loading class org/springframework/beans/factory/config/RuntimeBeanNameReference done
Event: 5.208 loading class org/springframework/util/StringValueResolver
Event: 5.208 loading class org/springframework/util/StringValueResolver done
Event: 5.208 loading class org/springframework/core/SimpleAliasRegistry
Event: 5.208 loading class org/springframework/core/SimpleAliasRegistry done
Event: 5.212 loading class org/springframework/data/jpa/util/BeanDefinitionUtils
Event: 5.212 loading class org/springframework/data/jpa/util/BeanDefinitionUtils done


Dynamic libraries:
0x00007ff6926d0000 - 0x00007ff6926e0000 	C:\Program Files\Java\jdk-11\bin\javaw.exe
0x00007ffec8470000 - 0x00007ffec8667000 	C:\WINDOWS\SYSTEM32\ntdll.dll
0x00007ffec8370000 - 0x00007ffec842d000 	C:\WINDOWS\System32\KERNEL32.DLL
0x00007ffec5f70000 - 0x00007ffec623d000 	C:\WINDOWS\System32\KERNELBASE.dll
0x00007ffec63d0000 - 0x00007ffec64d0000 	C:\WINDOWS\System32\ucrtbase.dll
0x00007ffeb2210000 - 0x00007ffeb2229000 	C:\Program Files\Java\jdk-11\bin\jli.dll
0x00007ffec6cc0000 - 0x00007ffec6d6e000 	C:\WINDOWS\System32\ADVAPI32.dll
0x00007ffec7df0000 - 0x00007ffec7e8e000 	C:\WINDOWS\System32\msvcrt.dll
0x00007ffec7a70000 - 0x00007ffec7b0c000 	C:\WINDOWS\System32\sechost.dll
0x00007ffec6580000 - 0x00007ffec66a5000 	C:\WINDOWS\System32\RPCRT4.dll
0x00007ffec6e20000 - 0x00007ffec6fc0000 	C:\WINDOWS\System32\USER32.dll
0x00007ffec6330000 - 0x00007ffec6352000 	C:\WINDOWS\System32\win32u.dll
0x00007ffec7ec0000 - 0x00007ffec7eea000 	C:\WINDOWS\System32\GDI32.dll
0x00007ffec5b90000 - 0x00007ffec5c9b000 	C:\WINDOWS\System32\gdi32full.dll
0x00007ffec6240000 - 0x00007ffec62dd000 	C:\WINDOWS\System32\msvcp_win.dll
0x00007ffeb1fc0000 - 0x00007ffeb1fdb000 	C:\Program Files\Java\jdk-11\bin\VCRUNTIME140.dll
0x00007ffec4f40000 - 0x00007ffec51da000 	C:\WINDOWS\WinSxS\amd64_microsoft.windows.common-controls_6595b64144ccf1df_6.0.19041.1110_none_60b5254171f9507e\COMCTL32.dll
0x00007ffebc5e0000 - 0x00007ffebc5ea000 	C:\WINDOWS\SYSTEM32\VERSION.dll
0x00007ffec7e90000 - 0x00007ffec7ec0000 	C:\WINDOWS\System32\IMM32.DLL
0x00007ffec54e0000 - 0x00007ffec54ec000 	C:\Program Files\Java\jdk-11\bin\vcruntime140_1.dll
0x00007ffe9efa0000 - 0x00007ffe9f02e000 	C:\Program Files\Java\jdk-11\bin\msvcp140.dll
0x00007ffe8ef20000 - 0x00007ffe8fa82000 	C:\Program Files\Java\jdk-11\bin\server\jvm.dll
0x00007ffec7090000 - 0x00007ffec7098000 	C:\WINDOWS\System32\PSAPI.DLL
0x00007ffea6dd0000 - 0x00007ffea6dd9000 	C:\WINDOWS\SYSTEM32\WSOCK32.dll
0x00007ffec6fc0000 - 0x00007ffec702b000 	C:\WINDOWS\System32\WS2_32.dll
0x00007ffebc360000 - 0x00007ffebc387000 	C:\WINDOWS\SYSTEM32\WINMM.dll
0x00007ffec3d90000 - 0x00007ffec3da2000 	C:\WINDOWS\SYSTEM32\kernel.appcore.dll
0x00007ffebf210000 - 0x00007ffebf220000 	C:\Program Files\Java\jdk-11\bin\verify.dll
0x00007ffec5540000 - 0x00007ffec5724000 	C:\WINDOWS\SYSTEM32\DBGHELP.DLL
0x00007ffec5490000 - 0x00007ffec54bc000 	C:\WINDOWS\SYSTEM32\dbgcore.DLL
0x00007ffec5d50000 - 0x00007ffec5dd2000 	C:\WINDOWS\System32\bcryptPrimitives.dll
0x00007ffe9f7a0000 - 0x00007ffe9f7c8000 	C:\Program Files\Java\jdk-11\bin\java.dll
0x00007ffeb98f0000 - 0x00007ffeb98fa000 	C:\Program Files\Java\jdk-11\bin\jimage.dll
0x00007ffeafc20000 - 0x00007ffeafc37000 	C:\Program Files\Java\jdk-11\bin\zip.dll
0x00007ffec7310000 - 0x00007ffec7a54000 	C:\WINDOWS\System32\SHELL32.dll
0x00007ffec35e0000 - 0x00007ffec3d74000 	C:\WINDOWS\SYSTEM32\windows.storage.dll
0x00007ffec8010000 - 0x00007ffec8364000 	C:\WINDOWS\System32\combase.dll
0x00007ffec4ea0000 - 0x00007ffec4ecc000 	C:\WINDOWS\SYSTEM32\Wldp.dll
0x00007ffec6d70000 - 0x00007ffec6e1d000 	C:\WINDOWS\System32\SHCORE.dll
0x00007ffec7be0000 - 0x00007ffec7c35000 	C:\WINDOWS\System32\shlwapi.dll
0x00007ffec5ad0000 - 0x00007ffec5aef000 	C:\WINDOWS\SYSTEM32\profapi.dll
0x00007ffeae8d0000 - 0x00007ffeae8e9000 	C:\Program Files\Java\jdk-11\bin\net.dll
0x00007ffeba300000 - 0x00007ffeba40a000 	C:\WINDOWS\SYSTEM32\WINHTTP.dll
0x00007ffec4bc0000 - 0x00007ffec4c2a000 	C:\WINDOWS\system32\mswsock.dll
0x00007ffeab210000 - 0x00007ffeab222000 	C:\Program Files\Java\jdk-11\bin\nio.dll
0x00007ffeb9880000 - 0x00007ffeb9889000 	C:\Program Files\Java\jdk-11\bin\management.dll
0x00007ffeb9830000 - 0x00007ffeb983b000 	C:\Program Files\Java\jdk-11\bin\management_ext.dll
0x00007ffea4950000 - 0x00007ffea4967000 	C:\WINDOWS\system32\napinsp.dll
0x00007ffea4400000 - 0x00007ffea441b000 	C:\WINDOWS\system32\pnrpnsp.dll
0x00007ffebfb70000 - 0x00007ffebfb85000 	C:\WINDOWS\system32\wshbth.dll
0x00007ffec0680000 - 0x00007ffec069d000 	C:\WINDOWS\system32\NLAapi.dll
0x00007ffec48c0000 - 0x00007ffec48fb000 	C:\WINDOWS\SYSTEM32\IPHLPAPI.DLL
0x00007ffec4900000 - 0x00007ffec49cb000 	C:\WINDOWS\SYSTEM32\DNSAPI.dll
0x00007ffec6bb0000 - 0x00007ffec6bb8000 	C:\WINDOWS\System32\NSI.dll
0x00007ffea43e0000 - 0x00007ffea43f2000 	C:\WINDOWS\System32\winrnr.dll
0x00007ffeb9340000 - 0x00007ffeb934a000 	C:\Windows\System32\rasadhlp.dll
0x00007ffeb1160000 - 0x00007ffeb11e0000 	C:\WINDOWS\System32\fwpuclnt.dll
0x00007ffec5f40000 - 0x00007ffec5f67000 	C:\WINDOWS\System32\bcrypt.dll

dbghelp: loaded successfully - version: 4.0.5 - missing functions: none
symbol engine: initialized successfully - sym options: 0x614 - pdb path: .;C:\Program Files\Java\jdk-11\bin;C:\WINDOWS\SYSTEM32;C:\WINDOWS\WinSxS\amd64_microsoft.windows.common-controls_6595b64144ccf1df_6.0.19041.1110_none_60b5254171f9507e;C:\Program Files\Java\jdk-11\bin\server

VM Arguments:
jvm_args: -Dfile.encoding=UTF-8 
java_command: com.application.credmerg.CredmergApplication
java_class_path (initial): C:\Users\RASHMI\Desktop\assignment\backend\credmerg\target\classes;C:\Users\RASHMI\.m2\repository\org\springframework\boot\spring-boot-starter-web\2.5.12\spring-boot-starter-web-2.5.12.jar;C:\Users\RASHMI\.m2\repository\org\springframework\boot\spring-boot-starter\2.5.12\spring-boot-starter-2.5.12.jar;C:\Users\RASHMI\.m2\repository\org\springframework\boot\spring-boot\2.5.12\spring-boot-2.5.12.jar;C:\Users\RASHMI\.m2\repository\org\springframework\boot\spring-boot-autoconfigure\2.5.12\spring-boot-autoconfigure-2.5.12.jar;C:\Users\RASHMI\.m2\repository\org\springframework\boot\spring-boot-starter-logging\2.5.12\spring-boot-starter-logging-2.5.12.jar;C:\Users\RASHMI\.m2\repository\ch\qos\logback\logback-classic\1.2.11\logback-classic-1.2.11.jar;C:\Users\RASHMI\.m2\repository\ch\qos\logback\logback-core\1.2.11\logback-core-1.2.11.jar;C:\Users\RASHMI\.m2\repository\org\apache\logging\log4j\log4j-to-slf4j\2.17.2\log4j-to-slf4j-2.17.2.jar;C:\Users\RASHMI\.m2\repository\org\apache\logging\log4j\log4j-api\2.17.2\log4j-api-2.17.2.jar;C:\Users\RASHMI\.m2\repository\org\slf4j\jul-to-slf4j\1.7.36\jul-to-slf4j-1.7.36.jar;C:\Users\RASHMI\.m2\repository\jakarta\annotation\jakarta.annotation-api\1.3.5\jakarta.annotation-api-1.3.5.jar;C:\Users\RASHMI\.m2\repository\org\yaml\snakeyaml\1.28\snakeyaml-1.28.jar;C:\Users\RASHMI\.m2\repository\org\springframework\boot\spring-boot-starter-json\2.5.12\spring-boot-starter-json-2.5.12.jar;C:\Users\RASHMI\.m2\repository\com\fasterxml\jackson\core\jackson-databind\2.12.6.1\jackson-databind-2.12.6.1.jar;C:\Users\RASHMI\.m2\repository\com\fasterxml\jackson\core\jackson-annotations\2.12.6\jackson-annotations-2.12.6.jar;C:\Users\RASHMI\.m2\repository\com\fasterxml\jackson\core\jackson-core\2.12.6\jackson-core-2.12.6.jar;C:\Users\RASHMI\.m2\repository\com\fasterxml\jackson\datatype\jackson-datatype-jdk8\2.12.6\jackson-datatype-jdk8-2.12.6.jar;C:\Users\RASHMI\.m2\repository\com\fasterxml\jackson\datatype\jackson-datatype-
Launcher Type: SUN_STANDARD

[Global flags]
     intx CICompilerCount                          = 3                                         {product} {ergonomic}
     uint ConcGCThreads                            = 1                                         {product} {ergonomic}
     uint G1ConcRefinementThreads                  = 4                                         {product} {ergonomic}
   size_t G1HeapRegionSize                         = 1048576                                   {product} {ergonomic}
    uintx GCDrainStackTargetSize                   = 64                                        {product} {ergonomic}
   size_t InitialHeapSize                          = 58720256                                  {product} {ergonomic}
   size_t MarkStackSize                            = 4194304                                   {product} {ergonomic}
   size_t MaxHeapSize                              = 918552576                                 {product} {ergonomic}
   size_t MaxNewSize                               = 550502400                                 {product} {ergonomic}
   size_t MinHeapDeltaBytes                        = 1048576                                   {product} {ergonomic}
    uintx NonNMethodCodeHeapSize                   = 5830732                                {pd product} {ergonomic}
    uintx NonProfiledCodeHeapSize                  = 122913754                              {pd product} {ergonomic}
    uintx ProfiledCodeHeapSize                     = 122913754                              {pd product} {ergonomic}
    uintx ReservedCodeCacheSize                    = 251658240                              {pd product} {ergonomic}
     bool SegmentedCodeCache                       = true                                      {product} {ergonomic}
     bool UseCompressedClassPointers               = true                                 {lp64_product} {ergonomic}
     bool UseCompressedOops                        = true                                 {lp64_product} {ergonomic}
     bool UseG1GC                                  = true                                      {product} {ergonomic}
     bool UseLargePagesIndividualAllocation        = false                                  {pd product} {ergonomic}

Logging:
Log output configuration:
 #0: stdout all=warning uptime,level,tags
 #1: stderr all=off uptime,level,tags

Environment Variables:
JAVA_HOME=C:\Program Files\Java\jdk-17
PATH=C:\Windows\system32;C:\Windows;C:\Windows\System32\Wbem;C:\Windows\System32\WindowsPowerShell\v1.0\;C:\Windows\System32\OpenSSH\;C:\Users\RASHMI\AppData\Local\Microsoft\WindowsApps;C:\Users\RASHMI\AppData\Local\Programs\Microsoft VS Code\bin;C:\Users\RASHMI\AppData\Roaming\npm;C:\apache-maven-3.8.4\bin;C:\Program Files\PostgreSQL\16\bin;C:\Program Files\Java\jdk-17\bin;;C:\Program Files\PostgreSQL\16\bin;C:\Program Files\Java\jdk-17\bin;C:\Program Files\Amazon\AWSCLIV2\;C:\Users\RASHMI\AppData\Local\Microsoft\WindowsApps;C:\Users\RASHMI\AppData\Local\Programs\Microsoft VS Code\bin;C:\Users\RASHMI\AppData\Roaming\npm;C:\apache-maven-3.8.4\bin;
USERNAME=RASHMI
OS=Windows_NT
PROCESSOR_IDENTIFIER=AMD64 Family 23 Model 24 Stepping 1, AuthenticAMD



---------------  S Y S T E M  ---------------

OS: Windows 10 , 64 bit Build 19041 (10.0.19041.1741)
Hyper-V role detected

CPU:total 4 (initial active 4) (4 cores per cpu, 2 threads per core) family 23 model 24 stepping 1 microcode 0x0, cmov, cx8, fxsr, mmx, sse, sse2, sse3, ssse3, sse4.1, sse4.2, popcnt, avx, avx2, aes, clmul, mmxext, 3dnowpref, lzcnt, sse4a, ht, tsc, tscinvbit, tscinv, bmi1, bmi2, adx, sha, fma

Memory: 4k page, system-wide physical 3504M (142M free)
TotalPageFile size 14256M (AvailPageFile size 2M)
current process WorkingSet (physical memory assigned to process): 142M, peak: 146M
current process commit charge ("private bytes"): 196M, peak: 201M

vm_info: Java HotSpot(TM) 64-Bit Server VM (11.0.24+7-LTS-271) for windows-amd64 JRE (11.0.24+7-LTS-271), built on Jun  5 2024 06:54:11 by "mach5one" with MS VC++ 17.6 (VS2022)

END.
